<?xml version="1.0" encoding="UTF-8"?>
<testng-results skipped="0" failed="0" ignored="0" total="4" passed="4">
  <reporter-output>
  </reporter-output>
  <suite name="scripts.AutomationExerciseTest" duration-ms="60174" started-at="2023-01-15T20:39:46 CST" finished-at="2023-01-15T20:40:46 CST">
    <groups>
    </groups>
    <test name="Command line test" duration-ms="60174" started-at="2023-01-15T20:39:46 CST" finished-at="2023-01-15T20:40:46 CST">
      <class name="scripts.AutomationExerciseTest">
        <test-method status="PASS" signature="setup()[pri:0, instance:scripts.AutomationExerciseTest@343f4d3d]" name="setup" is-config="true" duration-ms="19070" started-at="2023-01-15T20:39:46 CST" finished-at="2023-01-15T20:40:05 CST">
          <reporter-output>
          </reporter-output>
        </test-method> <!-- setup -->
        <test-method status="PASS" signature="setPage()[pri:0, instance:scripts.AutomationExerciseTest@343f4d3d]" name="setPage" is-config="true" duration-ms="71" started-at="2023-01-15T20:40:05 CST" finished-at="2023-01-15T20:40:05 CST">
          <reporter-output>
          </reporter-output>
        </test-method> <!-- setPage -->
        <test-method status="PASS" signature="validateAutomationExerciseLogo()[pri:1, instance:scripts.AutomationExerciseTest@343f4d3d]" name="validateAutomationExerciseLogo" duration-ms="526" started-at="2023-01-15T20:40:05 CST" description="Validate Automation Exercise site logo" finished-at="2023-01-15T20:40:06 CST">
          <reporter-output>
          </reporter-output>
        </test-method> <!-- validateAutomationExerciseLogo -->
        <test-method status="PASS" signature="teardown()[pri:0, instance:scripts.AutomationExerciseTest@343f4d3d]" name="teardown" is-config="true" duration-ms="143" started-at="2023-01-15T20:40:06 CST" finished-at="2023-01-15T20:40:06 CST">
          <reporter-output>
          </reporter-output>
        </test-method> <!-- teardown -->
        <test-method status="PASS" signature="setup()[pri:0, instance:scripts.AutomationExerciseTest@343f4d3d]" name="setup" is-config="true" duration-ms="8548" started-at="2023-01-15T20:40:06 CST" finished-at="2023-01-15T20:40:14 CST">
          <reporter-output>
          </reporter-output>
        </test-method> <!-- setup -->
        <test-method status="PASS" signature="setPage()[pri:0, instance:scripts.AutomationExerciseTest@343f4d3d]" name="setPage" is-config="true" duration-ms="3" started-at="2023-01-15T20:40:14 CST" finished-at="2023-01-15T20:40:14 CST">
          <reporter-output>
          </reporter-output>
        </test-method> <!-- setPage -->
        <test-method status="PASS" signature="validateAutomationExerciseHeaderElements()[pri:2, instance:scripts.AutomationExerciseTest@343f4d3d]" name="validateAutomationExerciseHeaderElements" duration-ms="3763" started-at="2023-01-15T20:40:14 CST" description="Validate Automation Exercise site header items" finished-at="2023-01-15T20:40:18 CST">
          <reporter-output>
          </reporter-output>
        </test-method> <!-- validateAutomationExerciseHeaderElements -->
        <test-method status="PASS" signature="teardown()[pri:0, instance:scripts.AutomationExerciseTest@343f4d3d]" name="teardown" is-config="true" duration-ms="172" started-at="2023-01-15T20:40:18 CST" finished-at="2023-01-15T20:40:18 CST">
          <reporter-output>
          </reporter-output>
        </test-method> <!-- teardown -->
        <test-method status="PASS" signature="setup()[pri:0, instance:scripts.AutomationExerciseTest@343f4d3d]" name="setup" is-config="true" duration-ms="8531" started-at="2023-01-15T20:40:18 CST" finished-at="2023-01-15T20:40:27 CST">
          <reporter-output>
          </reporter-output>
        </test-method> <!-- setup -->
        <test-method status="PASS" signature="setPage()[pri:0, instance:scripts.AutomationExerciseTest@343f4d3d]" name="setPage" is-config="true" duration-ms="6" started-at="2023-01-15T20:40:27 CST" finished-at="2023-01-15T20:40:27 CST">
          <reporter-output>
          </reporter-output>
        </test-method> <!-- setPage -->
        <test-method status="PASS" signature="validateAutomationExerciseSubscription()[pri:3, instance:scripts.AutomationExerciseTest@343f4d3d]" name="validateAutomationExerciseSubscription" duration-ms="2196" started-at="2023-01-15T20:40:27 CST" description="Validate Automation Exercise site SUBSCRIPTION form" finished-at="2023-01-15T20:40:29 CST">
          <reporter-output>
          </reporter-output>
        </test-method> <!-- validateAutomationExerciseSubscription -->
        <test-method status="PASS" signature="teardown()[pri:0, instance:scripts.AutomationExerciseTest@343f4d3d]" name="teardown" is-config="true" duration-ms="114" started-at="2023-01-15T20:40:29 CST" finished-at="2023-01-15T20:40:29 CST">
          <reporter-output>
          </reporter-output>
        </test-method> <!-- teardown -->
        <test-method status="PASS" signature="setup()[pri:0, instance:scripts.AutomationExerciseTest@343f4d3d]" name="setup" is-config="true" duration-ms="16466" started-at="2023-01-15T20:40:29 CST" finished-at="2023-01-15T20:40:46 CST">
          <reporter-output>
          </reporter-output>
        </test-method> <!-- setup -->
        <test-method status="PASS" signature="setPage()[pri:0, instance:scripts.AutomationExerciseTest@343f4d3d]" name="setPage" is-config="true" duration-ms="2" started-at="2023-01-15T20:40:46 CST" finished-at="2023-01-15T20:40:46 CST">
          <reporter-output>
          </reporter-output>
        </test-method> <!-- setPage -->
        <test-method status="PASS" signature="validateAutomationExerciseFooter()[pri:4, instance:scripts.AutomationExerciseTest@343f4d3d]" name="validateAutomationExerciseFooter" duration-ms="367" started-at="2023-01-15T20:40:46 CST" description="Validate Automation Exercise site footer" finished-at="2023-01-15T20:40:46 CST">
          <reporter-output>
          </reporter-output>
        </test-method> <!-- validateAutomationExerciseFooter -->
        <test-method status="PASS" signature="teardown()[pri:0, instance:scripts.AutomationExerciseTest@343f4d3d]" name="teardown" is-config="true" duration-ms="117" started-at="2023-01-15T20:40:46 CST" finished-at="2023-01-15T20:40:46 CST">
          <reporter-output>
          </reporter-output>
        </test-method> <!-- teardown -->
      </class> <!-- scripts.AutomationExerciseTest -->
    </test> <!-- Command line test -->
  </suite> <!-- scripts.AutomationExerciseTest -->
</testng-results>
