<?xml version="1.0" encoding="UTF-8"?>
<!-- Generated by org.testng.reporters.JUnitXMLReporter -->
<testsuite hostname="MacBook-Air-Vladislav.local" ignored="0" name="Command line test" tests="4" failures="0" timestamp="2023-01-15T20:40:46 CST" time="60.174" errors="0">
  <testcase name="validateAutomationExerciseLogo" time="0.526" classname="scripts.AutomationExerciseTest"/>
  <testcase name="validateAutomationExerciseHeaderElements" time="3.763" classname="scripts.AutomationExerciseTest"/>
  <testcase name="validateAutomationExerciseSubscription" time="2.196" classname="scripts.AutomationExerciseTest"/>
  <testcase name="validateAutomationExerciseFooter" time="0.367" classname="scripts.AutomationExerciseTest"/>
</testsuite> <!-- Command line test -->
